This is pdfTeX, Version 3.14159265-2.6-1.40.18 (MiKTeX 2.9.6500 64-bit) (preloaded format=pdflatex 2018.1.25)  22 MAR 2018 17:06
entering extended mode
**"./Kaggle Report.tex"
("Kaggle Report.tex"
LaTeX2e <2017-04-15>
Babel <3.15> and hyphenation patterns for 75 language(s) loaded.
(ieeeconf.cls
Document Class: ieeeconf 2016/4/23 revision V1.6b by Pradeep Misra
\@IEEEtrantmpdimenA=\dimen102
\@IEEEtrantmpdimenB=\dimen103
\@IEEEtrantmpcountA=\count79
\@IEEEtrantmpcountB=\count80
\@IEEEtrantmptoksA=\toks14
LaTeX Font Info:    Try loading font information for OT1+ptm on input line 794.

("C:\Program Files\MiKTeX 2.9\tex\latex\psnfss\ot1ptm.fd"
File: ot1ptm.fd 2001/06/04 font definitions for OT1/ptm.
)
\@IEEEnormalsizefontbaselineskip=\skip41

-- This is a 10 point document.
\normalsizebaselineskip=\skip42
\normaljot=\skip43
LaTeX Font Info:    Font shape `OT1/ptm/bx/n' in size <5> not available
(Font)              Font shape `OT1/ptm/b/n' tried instead on input line 1113.
LaTeX Font Info:    Font shape `OT1/ptm/bx/it' in size <5> not available
(Font)              Font shape `OT1/ptm/b/it' tried instead on input line 1113.

LaTeX Font Info:    Font shape `OT1/ptm/bx/n' in size <7> not available
(Font)              Font shape `OT1/ptm/b/n' tried instead on input line 1113.
LaTeX Font Info:    Font shape `OT1/ptm/bx/it' in size <7> not available
(Font)              Font shape `OT1/ptm/b/it' tried instead on input line 1113.

LaTeX Font Info:    Font shape `OT1/ptm/bx/n' in size <8> not available
(Font)              Font shape `OT1/ptm/b/n' tried instead on input line 1113.
LaTeX Font Info:    Font shape `OT1/ptm/bx/it' in size <8> not available
(Font)              Font shape `OT1/ptm/b/it' tried instead on input line 1113.

LaTeX Font Info:    Font shape `OT1/ptm/bx/n' in size <9> not available
(Font)              Font shape `OT1/ptm/b/n' tried instead on input line 1113.
LaTeX Font Info:    Font shape `OT1/ptm/bx/it' in size <9> not available
(Font)              Font shape `OT1/ptm/b/it' tried instead on input line 1113.

LaTeX Font Info:    Font shape `OT1/ptm/bx/n' in size <10> not available
(Font)              Font shape `OT1/ptm/b/n' tried instead on input line 1113.
LaTeX Font Info:    Font shape `OT1/ptm/bx/it' in size <10> not available
(Font)              Font shape `OT1/ptm/b/it' tried instead on input line 1113.

LaTeX Font Info:    Font shape `OT1/ptm/bx/n' in size <11> not available
(Font)              Font shape `OT1/ptm/b/n' tried instead on input line 1113.
LaTeX Font Info:    Font shape `OT1/ptm/bx/it' in size <11> not available
(Font)              Font shape `OT1/ptm/b/it' tried instead on input line 1113.

LaTeX Font Info:    Font shape `OT1/ptm/bx/n' in size <12> not available
(Font)              Font shape `OT1/ptm/b/n' tried instead on input line 1113.
LaTeX Font Info:    Font shape `OT1/ptm/bx/it' in size <12> not available
(Font)              Font shape `OT1/ptm/b/it' tried instead on input line 1113.

LaTeX Font Info:    Font shape `OT1/ptm/bx/n' in size <16> not available
(Font)              Font shape `OT1/ptm/b/n' tried instead on input line 1113.
LaTeX Font Info:    Font shape `OT1/ptm/bx/it' in size <16> not available
(Font)              Font shape `OT1/ptm/b/it' tried instead on input line 1113.

LaTeX Font Info:    Font shape `OT1/ptm/bx/n' in size <20> not available
(Font)              Font shape `OT1/ptm/b/n' tried instead on input line 1113.
LaTeX Font Info:    Font shape `OT1/ptm/bx/it' in size <20> not available
(Font)              Font shape `OT1/ptm/b/it' tried instead on input line 1113.

LaTeX Font Info:    Font shape `OT1/ptm/bx/n' in size <24> not available
(Font)              Font shape `OT1/ptm/b/n' tried instead on input line 1113.
LaTeX Font Info:    Font shape `OT1/ptm/bx/it' in size <24> not available
(Font)              Font shape `OT1/ptm/b/it' tried instead on input line 1113.

\IEEEilabelindentA=\dimen104
\IEEEilabelindentB=\dimen105
\IEEEilabelindent=\dimen106
\IEEEelabelindent=\dimen107
\IEEEdlabelindent=\dimen108
\labelindent=\dimen109
\IEEEiednormlabelsep=\dimen110
\IEEEiedmathlabelsep=\dimen111
\IEEEiedtopsep=\skip44
\c@section=\count81
\c@subsection=\count82
\c@subsubsection=\count83
\c@paragraph=\count84
\c@IEEEsubequation=\count85
\abovecaptionskip=\skip45
\belowcaptionskip=\skip46
\c@figure=\count86
\c@table=\count87
\@IEEEeqnnumcols=\count88
\@IEEEeqncolcnt=\count89
\@IEEEtmpitemindent=\dimen112
\c@biography=\count90
\@IEEEtranrubishbin=\box26
)
** ATTENTION: Overriding command lockouts (line 9).
** ATTENTION: Overriding IEEE standard margins (line 12).
("C:\Program Files\MiKTeX 2.9\tex\latex\graphics\graphicx.sty"
Package: graphicx 2017/06/01 v1.1a Enhanced LaTeX Graphics (DPC,SPQR)

("C:\Program Files\MiKTeX 2.9\tex\latex\graphics\keyval.sty"
Package: keyval 2014/10/28 v1.15 key=value parser (DPC)
\KV@toks@=\toks15
)
("C:\Program Files\MiKTeX 2.9\tex\latex\graphics\graphics.sty"
Package: graphics 2017/06/25 v1.2c Standard LaTeX Graphics (DPC,SPQR)

("C:\Program Files\MiKTeX 2.9\tex\latex\graphics\trig.sty"
Package: trig 2016/01/03 v1.10 sin cos tan (DPC)
)
("C:\Program Files\MiKTeX 2.9\tex\latex\graphics-cfg\graphics.cfg"
File: graphics.cfg 2016/06/04 v1.11 sample graphics configuration
)
Package graphics Info: Driver file: pdftex.def on input line 99.

("C:\Program Files\MiKTeX 2.9\tex\latex\graphics-def\pdftex.def"
File: pdftex.def 2017/06/24 v1.0g Graphics/color driver for pdftex
))
\Gin@req@height=\dimen113
\Gin@req@width=\dimen114
)
("C:\Program Files\MiKTeX 2.9\tex\latex\amsmath\amsmath.sty"
Package: amsmath 2017/09/02 v2.17a AMS math features
\@mathmargin=\skip47

For additional information on amsmath, use the `?' option.
("C:\Program Files\MiKTeX 2.9\tex\latex\amsmath\amstext.sty"
Package: amstext 2000/06/29 v2.01 AMS text

("C:\Program Files\MiKTeX 2.9\tex\latex\amsmath\amsgen.sty"
File: amsgen.sty 1999/11/30 v2.0 generic functions
\@emptytoks=\toks16
\ex@=\dimen115
))
("C:\Program Files\MiKTeX 2.9\tex\latex\amsmath\amsbsy.sty"
Package: amsbsy 1999/11/29 v1.2d Bold Symbols
\pmbraise@=\dimen116
)
("C:\Program Files\MiKTeX 2.9\tex\latex\amsmath\amsopn.sty"
Package: amsopn 2016/03/08 v2.02 operator names
)
\inf@bad=\count91
LaTeX Info: Redefining \frac on input line 213.
\uproot@=\count92
\leftroot@=\count93
LaTeX Info: Redefining \overline on input line 375.
\classnum@=\count94
\DOTSCASE@=\count95
LaTeX Info: Redefining \ldots on input line 472.
LaTeX Info: Redefining \dots on input line 475.
LaTeX Info: Redefining \cdots on input line 596.
\Mathstrutbox@=\box27
\strutbox@=\box28
\big@size=\dimen117
LaTeX Font Info:    Redeclaring font encoding OML on input line 712.
LaTeX Font Info:    Redeclaring font encoding OMS on input line 713.
\macc@depth=\count96
\c@MaxMatrixCols=\count97
\dotsspace@=\muskip10
\c@parentequation=\count98
\dspbrk@lvl=\count99
\tag@help=\toks17
\row@=\count100
\column@=\count101
\maxfields@=\count102
\andhelp@=\toks18
\eqnshift@=\dimen118
\alignsep@=\dimen119
\tagshift@=\dimen120
\tagwidth@=\dimen121
\totwidth@=\dimen122
\lineht@=\dimen123
\@envbody=\toks19
\multlinegap=\skip48
\multlinetaggap=\skip49
\mathdisplay@stack=\toks20
LaTeX Info: Redefining \[ on input line 2817.
LaTeX Info: Redefining \] on input line 2818.
)
("C:\Program Files\MiKTeX 2.9\tex\latex\url\url.sty"
\Urlmuskip=\muskip11
Package: url 2013/09/16  ver 3.4  Verb mode for urls, etc.
)
("C:\Program Files\MiKTeX 2.9\tex\latex\was\gensymb.sty"
Package: gensymb 2003/07/02 v1.0 (WaS)
) ("Kaggle Report.aux")
\openout1 = `"Kaggle Report.aux"'.

LaTeX Font Info:    Checking defaults for OML/cmm/m/it on input line 51.
LaTeX Font Info:    ... okay on input line 51.
LaTeX Font Info:    Checking defaults for T1/cmr/m/n on input line 51.
LaTeX Font Info:    ... okay on input line 51.
LaTeX Font Info:    Checking defaults for OT1/cmr/m/n on input line 51.
LaTeX Font Info:    ... okay on input line 51.
LaTeX Font Info:    Checking defaults for OMS/cmsy/m/n on input line 51.
LaTeX Font Info:    ... okay on input line 51.
LaTeX Font Info:    Checking defaults for OMX/cmex/m/n on input line 51.
LaTeX Font Info:    ... okay on input line 51.
LaTeX Font Info:    Checking defaults for U/cmr/m/n on input line 51.
LaTeX Font Info:    ... okay on input line 51.
("C:\Program Files\MiKTeX 2.9\tex\context\base\supp-pdf.mkii"
[Loading MPS to PDF converter (version 2006.09.02).]
\scratchcounter=\count103
\scratchdimen=\dimen124
\scratchbox=\box29
\nofMPsegments=\count104
\nofMParguments=\count105
\everyMPshowfont=\toks21
\MPscratchCnt=\count106
\MPscratchDim=\dimen125
\MPnumerator=\count107
\makeMPintoPDFobject=\count108
\everyMPtoPDFconversion=\toks22
) ("C:\Program Files\MiKTeX 2.9\tex\latex\oberdiek\epstopdf-base.sty"
Package: epstopdf-base 2016/05/15 v2.6 Base part for package epstopdf

("C:\Program Files\MiKTeX 2.9\tex\generic\oberdiek\infwarerr.sty"
Package: infwarerr 2016/05/16 v1.4 Providing info/warning/error messages (HO)
)
("C:\Program Files\MiKTeX 2.9\tex\latex\oberdiek\grfext.sty"
Package: grfext 2016/05/16 v1.2 Manage graphics extensions (HO)

("C:\Program Files\MiKTeX 2.9\tex\generic\oberdiek\kvdefinekeys.sty"
Package: kvdefinekeys 2016/05/16 v1.4 Define keys (HO)

("C:\Program Files\MiKTeX 2.9\tex\generic\oberdiek\ltxcmds.sty"
Package: ltxcmds 2016/05/16 v1.23 LaTeX kernel commands for general use (HO)
)))
("C:\Program Files\MiKTeX 2.9\tex\latex\oberdiek\kvoptions.sty"
Package: kvoptions 2016/05/16 v3.12 Key value format for package options (HO)

("C:\Program Files\MiKTeX 2.9\tex\generic\oberdiek\kvsetkeys.sty"
Package: kvsetkeys 2016/05/16 v1.17 Key value parser (HO)

("C:\Program Files\MiKTeX 2.9\tex\generic\oberdiek\etexcmds.sty"
Package: etexcmds 2016/05/16 v1.6 Avoid name clashes with e-TeX commands (HO)

("C:\Program Files\MiKTeX 2.9\tex\generic\oberdiek\ifluatex.sty"
Package: ifluatex 2016/05/16 v1.4 Provides the ifluatex switch (HO)
Package ifluatex Info: LuaTeX not detected.
)
Package etexcmds Info: Could not find \expanded.
(etexcmds)             That can mean that you are not using pdfTeX 1.50 or
(etexcmds)             that some package has redefined \expanded.
(etexcmds)             In the latter case, load this package earlier.
)))
("C:\Program Files\MiKTeX 2.9\tex\generic\oberdiek\pdftexcmds.sty"
Package: pdftexcmds 2017/03/19 v0.25 Utility functions of pdfTeX for LuaTeX (HO
)

("C:\Program Files\MiKTeX 2.9\tex\generic\oberdiek\ifpdf.sty"
Package: ifpdf 2017/03/15 v3.2 Provides the ifpdf switch
)
Package pdftexcmds Info: LuaTeX not detected.
Package pdftexcmds Info: \pdf@primitive is available.
Package pdftexcmds Info: \pdf@ifprimitive is available.
Package pdftexcmds Info: \pdfdraftmode found.
)
Package epstopdf-base Info: Redefining graphics rule for `.eps' on input line 4
38.
Package grfext Info: Graphics extension search list:
(grfext)             [.pdf,.png,.jpg,.mps,.jpeg,.jbig2,.jb2,.PDF,.PNG,.JPG,.JPE
G,.JBIG2,.JB2,.eps]
(grfext)             \AppendGraphicsExtensions on input line 456.
)
LaTeX Info: Redefining \celsius on input line 51.
Package gensymb Info: Faking symbols for \degree and \celsius on input line 51.



Package gensymb Warning: Not defining \perthousand.

LaTeX Info: Redefining \ohm on input line 51.
Package gensymb Info: Using \Omega for \ohm on input line 51.

Package gensymb Warning: Not defining \micro.

LaTeX Font Info:    Calculating math sizes for size <11> on input line 55.
LaTeX Font Info:    Try loading font information for OT1+pcr on input line 55.
("C:\Program Files\MiKTeX 2.9\tex\latex\psnfss\ot1pcr.fd"
File: ot1pcr.fd 2001/06/04 font definitions for OT1/pcr.
)
<figures/originalDataset.pdf, id=1, pagebox=cropbox, 404.712pt x 433.62pt>
File: figures/originalDataset.pdf Graphic file (type pdf)
<use figures/originalDataset.pdf>
Package pdftex.def Info: figures/originalDataset.pdf  used on input line 76. on
 input line 76.
Package pdftex.def Info: Requested size: 252.94499pt x 271.01183pt on input lin
e 76.

Overfull \hbox (7.22688pt too wide) in paragraph at lines 76--77
 [] 
 []


LaTeX Warning: `h' float specifier changed to `ht'.

<figures/21stepwide8bit.jpg, id=2, 536.20325pt x 144.54pt>
File: figures/21stepwide8bit.jpg Graphic file (type jpg)
<use figures/21stepwide8bit.jpg>
Package pdftex.def Info: figures/21stepwide8bit.jpg  used on input line 87. on 
input line 87.
Package pdftex.def Info: Requested size: 252.94499pt x 68.18523pt on input line
 87.

Overfull \hbox (7.22688pt too wide) in paragraph at lines 87--88
 [] 
 []


LaTeX Warning: `h' float specifier changed to `ht'.

<figures/thresholdDataset.pdf, id=3, pagebox=cropbox, 404.712pt x 433.62pt>
File: figures/thresholdDataset.pdf Graphic file (type pdf)
<use figures/thresholdDataset.pdf>
Package pdftex.def Info: figures/thresholdDataset.pdf  used on input line 110. 
on input line 110.
Package pdftex.def Info: Requested size: 252.94499pt x 271.01183pt on input lin
e 110.

Overfull \hbox (7.22688pt too wide) in paragraph at lines 110--111
 [] 
 []


LaTeX Warning: `h' float specifier changed to `ht'.

<figures/thresholdmedDataset.pdf, id=4, pagebox=cropbox, 404.712pt x 433.62pt>
File: figures/thresholdmedDataset.pdf Graphic file (type pdf)
<use figures/thresholdmedDataset.pdf>
Package pdftex.def Info: figures/thresholdmedDataset.pdf  used on input line 12
5. on input line 125.
Package pdftex.def Info: Requested size: 252.94499pt x 271.01183pt on input lin
e 125.

Overfull \hbox (7.22688pt too wide) in paragraph at lines 125--126
 [] 
 []


LaTeX Warning: `h' float specifier changed to `ht'.

<figures/BiggestDataset.pdf, id=5, pagebox=cropbox, 404.712pt x 433.62pt>
File: figures/BiggestDataset.pdf Graphic file (type pdf)
<use figures/BiggestDataset.pdf>
Package pdftex.def Info: figures/BiggestDataset.pdf  used on input line 134. on
 input line 134.
Package pdftex.def Info: Requested size: 252.94499pt x 271.01183pt on input lin
e 134.

Overfull \hbox (7.22688pt too wide) in paragraph at lines 134--135
 [] 
 []

[1{C:/Users/hamed/AppData/Local/MiKTeX/2.9/pdftex/config/pdftex.map}


 <./figures/originalDataset.pdf> <./figures/21stepwide8bit.jpg>]

LaTeX Warning: `h' float specifier changed to `ht'.

<figures/allDataset.pdf, id=67, pagebox=cropbox, 361.35pt x 361.35pt>
File: figures/allDataset.pdf Graphic file (type pdf)
<use figures/allDataset.pdf>
Package pdftex.def Info: figures/allDataset.pdf  used on input line 144. on inp
ut line 144.
Package pdftex.def Info: Requested size: 252.94499pt x 252.94327pt on input lin
e 144.

Overfull \hbox (7.22688pt too wide) in paragraph at lines 144--145
 [] 
 []


LaTeX Warning: `h' float specifier changed to `ht'.

[2 <./figures/thresholdDataset.pdf> <./figures/thresholdmedDataset.pdf

pdfTeX warning: pdflatex.exe (file ./figures/thresholdmedDataset.pdf): PDF incl
usion: multiple pdfs with page group included in a single page
>]
<figures/CNNflowchart.png, id=165, 509.832pt x 222.723pt>
File: figures/CNNflowchart.png Graphic file (type png)
<use figures/CNNflowchart.png>
Package pdftex.def Info: figures/CNNflowchart.png  used on input line 183. on i
nput line 183.
Package pdftex.def Info: Requested size: 505.89pt x 221.00621pt on input line 1
83.
<figures/svm_tuning.png, id=166, 462.528pt x 346.896pt>
File: figures/svm_tuning.png Graphic file (type png)
<use figures/svm_tuning.png>
Package pdftex.def Info: figures/svm_tuning.png  used on input line 215. on inp
ut line 215.
Package pdftex.def Info: Requested size: 252.94499pt x 189.70827pt on input lin
e 215.

Overfull \hbox (7.22688pt too wide) in paragraph at lines 215--216
 [] 
 []


LaTeX Warning: `h' float specifier changed to `ht'.

<figures/CNNaccuvsLayers.pdf, id=168, pagebox=cropbox, 433.62pt x 289.08pt>
File: figures/CNNaccuvsLayers.pdf Graphic file (type pdf)
<use figures/CNNaccuvsLayers.pdf>
Package pdftex.def Info: figures/CNNaccuvsLayers.pdf  used on input line 225. o
n input line 225.
Package pdftex.def Info: Requested size: 252.94499pt x 168.63252pt on input lin
e 225.

Overfull \hbox (7.22688pt too wide) in paragraph at lines 225--226
 [] 
 []


LaTeX Warning: `h' float specifier changed to `ht'.

[3 <./figures/BiggestDataset.pdf> <./figures/allDataset.pdf

pdfTeX warning: pdflatex.exe (file ./figures/allDataset.pdf): PDF inclusion: mu
ltiple pdfs with page group included in a single page
>]
<figures/svm_conf.png, id=255, 346.896pt x 346.896pt>
File: figures/svm_conf.png Graphic file (type png)
<use figures/svm_conf.png>
Package pdftex.def Info: figures/svm_conf.png  used on input line 241. on input
 line 241.
Package pdftex.def Info: Requested size: 252.94499pt x 252.94614pt on input lin
e 241.

Overfull \hbox (7.22688pt too wide) in paragraph at lines 241--242
 [] 
 []


LaTeX Warning: `h' float specifier changed to `ht'.

<figures/fnn_conf.png, id=256, 346.896pt x 346.896pt>
File: figures/fnn_conf.png Graphic file (type png)
<use figures/fnn_conf.png>
Package pdftex.def Info: figures/fnn_conf.png  used on input line 253. on input
 line 253.
Package pdftex.def Info: Requested size: 252.94499pt x 252.94614pt on input lin
e 253.

Overfull \hbox (7.22688pt too wide) in paragraph at lines 253--254
 [] 
 []


LaTeX Warning: `h' float specifier changed to `ht'.

[4 <./figures/CNNflowchart.png>]
Overfull \hbox (32.73633pt too wide) in paragraph at lines 267--279
 [][] 
 []


Underfull \hbox (badness 10000) in paragraph at lines 297--301

 []

[5 <./figures/svm_tuning.png> <./figures/CNNaccuvsLayers.pdf> <./figures/svm_co
nf.png>] ("Kaggle Report.bbl"
Underfull \hbox (badness 2790) in paragraph at lines 44--48
\OT1/ptm/m/n/8 [On-line]. Avail-able: $https : / / medium . com / @amarbudhiraj
a /
 []


Overfull \hbox (138.30238pt too wide) in paragraph at lines 44--48
\OT1/ptm/m/n/8 https-[]medium-[]com-[]amarbudhiraja-[]learning-[]less-[]to-[]le
arn-[]better-[]dropout-[]in-[]deep-[]machine-[]learning-[]74334da4bfc5$ 
 []


Overfull \hbox (114.21054pt too wide) in paragraph at lines 67--71
\OT1/ptm/m/n/8 types-[]of-[]optimization-[]algorithms-[]used-[]in-[]neural-[]ne
tworks-[]and-[]ways-[]to-[]optimize-[]gradient-[]95ae5d39529f.$ 
 []

)

** Conference Paper **
Before submitting the final camera ready copy, remember to:

 1. Manually equalize the lengths of two columns on the last page
 of your paper;

 2. Ensure that any PostScript and/or PDF output post-processing
 uses only Type 1 fonts and that every step in the generation
 process uses the US letter (8.5in X 11in) paper size.

[6 <./figures/fnn_conf.png>] ("Kaggle Report.aux") ) 
Here is how much of TeX's memory you used:
 2890 strings out of 493312
 42914 string characters out of 3138899
 115767 words of memory out of 3000000
 6392 multiletter control sequences out of 15000+200000
 42533 words of font info for 86 fonts, out of 3000000 for 9000
 1141 hyphenation exceptions out of 8191
 41i,14n,25p,1178b,313s stack positions out of 5000i,500n,10000p,200000b,50000s
{C:/Program Files/MiKTeX 2.
9/fonts/enc/dvips/base/8r.enc}<C:/Program Files/MiKTeX 2.9/fonts/type1/public/a
msfonts/cm/cmex10.pfb><C:/Program Files/MiKTeX 2.9/fonts/type1/public/amsfonts/
cm/cmmi10.pfb><C:/Program Files/MiKTeX 2.9/fonts/type1/public/amsfonts/cm/cmmi7
.pfb><C:/Program Files/MiKTeX 2.9/fonts/type1/public/amsfonts/cm/cmr10.pfb><C:/
Program Files/MiKTeX 2.9/fonts/type1/public/amsfonts/cm/cmr6.pfb><C:/Program Fi
les/MiKTeX 2.9/fonts/type1/public/amsfonts/cm/cmr7.pfb><C:/Program Files/MiKTeX
 2.9/fonts/type1/public/amsfonts/cm/cmr8.pfb><C:/Program Files/MiKTeX 2.9/fonts
/type1/public/amsfonts/cm/cmsy10.pfb><C:/Program Files/MiKTeX 2.9/fonts/type1/p
ublic/amsfonts/cm/cmsy7.pfb><C:/Program Files/MiKTeX 2.9/fonts/type1/urw/courie
r/ucrr8a.pfb><C:/Program Files/MiKTeX 2.9/fonts/type1/urw/times/utmb8a.pfb><C:/
Program Files/MiKTeX 2.9/fonts/type1/urw/times/utmbi8a.pfb><C:/Program Files/Mi
KTeX 2.9/fonts/type1/urw/times/utmr8a.pfb><C:/Program Files/MiKTeX 2.9/fonts/ty
pe1/urw/times/utmri8a.pfb>
Output written on "Kaggle Report.pdf" (6 pages, 655107 bytes).
PDF statistics:
 352 PDF objects out of 1000 (max. 8388607)
 0 named destinations out of 1000 (max. 500000)
 56 words of extra memory for PDF output out of 10000 (max. 10000000)

